#
# An unexpected error has been detected by Java Runtime Environment:
#
#  Internal Error (classFileParser.cpp:2923), pid=4288, tid=4316
#  Error: ShouldNotReachHere()
#
# Java VM: Java HotSpot(TM) Client VM (11.3-b02 mixed mode windows-x86)
# If you would like to submit a bug report, please visit:
#   http://java.sun.com/webapps/bugreport/crash.jsp
#

---------------  T H R E A D  ---------------

Current thread (0x01279000):  JavaThread "Unknown thread" [_thread_in_vm, id=4316, stack(0x00330000,0x00380000)]

Stack: [0x00330000,0x00380000]
[error occurred during error reporting (printing stack bounds), id 0xc0000005]


---------------  P R O C E S S  ---------------

Java Threads: ( => current thread )

Other Threads:

=>0x01279000 (exited) JavaThread "Unknown thread" [_thread_in_vm, id=4316, stack(0x00330000,0x00380000)]

VM state:not at safepoint (not fully initialized)

VM Mutex/Monitor currently owned by a thread: None

Dynamic libraries:
0x00400000 - 0x00424000 	E:\Program Files\Genuitec\Common\binary\com.sun.java.jdk.win32.x86_1.6.0.013\bin\javaw.exe
0x774f0000 - 0x7762c000 	C:\Windows\SYSTEM32\ntdll.dll
0x77080000 - 0x77154000 	C:\Windows\system32\kernel32.dll
0x75820000 - 0x7586a000 	C:\Windows\system32\KERNELBASE.dll
0x76f40000 - 0x76fe0000 	C:\Windows\system32\ADVAPI32.dll
0x76920000 - 0x769cc000 	C:\Windows\system32\msvcrt.dll
0x77700000 - 0x77719000 	C:\Windows\SYSTEM32\sechost.dll
0x76e90000 - 0x76f31000 	C:\Windows\system32\RPCRT4.dll
0x77630000 - 0x776f9000 	C:\Windows\system32\USER32.dll
0x772a0000 - 0x772ee000 	C:\Windows\system32\GDI32.dll
0x76d50000 - 0x76d5a000 	C:\Windows\system32\LPK.dll
0x76fe0000 - 0x7707d000 	C:\Windows\system32\USP10.dll
0x77160000 - 0x7717f000 	C:\Windows\system32\IMM32.DLL
0x76850000 - 0x7691c000 	C:\Windows\system32\MSCTF.dll
0x7c340000 - 0x7c396000 	E:\Program Files\Genuitec\Common\binary\com.sun.java.jdk.win32.x86_1.6.0.013\jre\bin\msvcr71.dll
0x6d8b0000 - 0x6db06000 	E:\Program Files\Genuitec\Common\binary\com.sun.java.jdk.win32.x86_1.6.0.013\jre\bin\client\jvm.dll
0x736e0000 - 0x73712000 	C:\Windows\system32\WINMM.dll
0x75580000 - 0x755cc000 	C:\Windows\system32\apphelp.dll
0x6d340000 - 0x6d348000 	E:\Program Files\Genuitec\Common\binary\com.sun.java.jdk.win32.x86_1.6.0.013\jre\bin\hpi.dll
0x76cf0000 - 0x76cf5000 	C:\Windows\system32\PSAPI.DLL
0x6d860000 - 0x6d86c000 	E:\Program Files\Genuitec\Common\binary\com.sun.java.jdk.win32.x86_1.6.0.013\jre\bin\verify.dll
0x6d3e0000 - 0x6d3ff000 	E:\Program Files\Genuitec\Common\binary\com.sun.java.jdk.win32.x86_1.6.0.013\jre\bin\java.dll
0x6d8a0000 - 0x6d8af000 	E:\Program Files\Genuitec\Common\binary\com.sun.java.jdk.win32.x86_1.6.0.013\jre\bin\zip.dll

VM Arguments:
jvm_args: -Dfile.encoding=UTF-8 -Xbootclasspath:E:\Program Files\Android\android-sdk\platforms\android-10\android.jar 
java_command: android.guju.action.registerAction
Launcher Type: SUN_STANDARD

Environment Variables:
JRE_HOME=E:\Program Files\Java\jdk1.7.0_02
CLASSPATH=E:\apache-tomcat-7.0.25\bin\bootstrap.jar;E:\apache-tomcat-7.0.25\bin\tomcat-juli.jar
PATH=C:/Program Files/Java/jre7/bin/client;C:/Program Files/Java/jre7/bin;C:/Program Files/Java/jre7/lib/i386;C:\Windows\system32;C:\Windows;C:\Windows\System32\Wbem;C:\Windows\System32\WindowsPowerShell\v1.0\;E:\Program Files\Java\jdk1.7.0_02\bin;E:\apache-tomcat-7.0.25\bin\;E:\Program Files\IDM Computer Solutions\UltraEdit\;E:\Program Files\eclipse;
USERNAME=Young
OS=Windows_NT
PROCESSOR_IDENTIFIER=x86 Family 6 Model 15 Stepping 13, GenuineIntel



---------------  S Y S T E M  ---------------

OS: Windows NT 6.1 Build 7601 Service Pack 1

CPU:total 2 (2 cores per cpu, 1 threads per core) family 6 model 15 stepping 13, cmov, cx8, fxsr, mmx, sse, sse2, sse3, ssse3

Memory: 4k page, physical 2096440k(497032k free), swap 4192880k(2059232k free)

vm_info: Java HotSpot(TM) Client VM (11.3-b02) for windows-x86 JRE (1.6.0_13-b03), built on Mar  9 2009 01:15:24 by "java_re" with MS VC++ 7.1

time: Tue May 01 11:58:21 2012
elapsed time: 0 seconds

